<?xml version="1.0" encoding="UTF-8"?>
<testsuite xmlns:xsi="http://www.w3.org/2001/XMLSchema-instance" xsi:noNamespaceSchemaLocation="https://maven.apache.org/surefire/maven-surefire-plugin/xsd/surefire-test-report-3.0.xsd" version="3.0" name="Navigate to Menu Parameters" time="18.75" tests="2" errors="0" skipped="0" failures="2">
  <properties>
[...]
</properties>
  <testcase name="User navigates to Developers Menu" classname="Navigate to Menu Parameters" time="13.471">
    <failure type="java.lang.AssertionError"><![CDATA[java.lang.AssertionError
	at org.junit.Assert.fail(Assert.java:87)
	at org.junit.Assert.assertTrue(Assert.java:42)
	at org.junit.Assert.assertTrue(Assert.java:53)
	at com.eurotech.step_definitions.LoginStepDefs.theWelcomeMessageContains(LoginStepDefs.java:65)
	at ✽.The welcome message contains "umur"(file:///Users/erhanilgar/Downloads/Batch4CucumberSelenium/src/test/resources/features/navigatesMenuWithParameters.feature:10)
]]></failure>
    <rerunFailure type="java.lang.AssertionError">
      <stackTrace><![CDATA[java.lang.AssertionError
	at org.junit.Assert.fail(Assert.java:87)
	at org.junit.Assert.assertTrue(Assert.java:42)
	at org.junit.Assert.assertTrue(Assert.java:53)
	at com.eurotech.step_definitions.LoginStepDefs.theWelcomeMessageContains(LoginStepDefs.java:65)
	at ✽.The welcome message contains "umur"(file:///Users/erhanilgar/Downloads/Batch4CucumberSelenium/src/test/resources/features/navigatesMenuWithParameters.feature:10)
]]></stackTrace>
      <system-out><![CDATA[actualMessage = Welcome umut
]]></system-out>
      <system-err><![CDATA[Starting ChromeDriver 107.0.5304.62 (1eec40d3a5764881c92085aaee66d25075c159aa-refs/branch-heads/5304@{#942}) on port 33561
Only local connections are allowed.
Please see https://chromedriver.chromium.org/security-considerations for suggestions on keeping ChromeDriver safe.
ChromeDriver was started successfully.
Nov 14, 2022 8:21:58 PM org.openqa.selenium.remote.ProtocolHandshake createSession
INFO: Detected dialect: W3C
]]></system-err>
    </rerunFailure>
  </testcase>
  <testcase name="User navigates to All Posts Menu" classname="Navigate to Menu Parameters" time="10.008">
    <failure type="java.lang.AssertionError"><![CDATA[java.lang.AssertionError
	at org.junit.Assert.fail(Assert.java:87)
	at org.junit.Assert.assertTrue(Assert.java:42)
	at org.junit.Assert.assertTrue(Assert.java:53)
	at com.eurotech.step_definitions.LoginStepDefs.theWelcomeMessageContains(LoginStepDefs.java:65)
	at ✽.The welcome message contains "umut"(file:///Users/erhanilgar/Downloads/Batch4CucumberSelenium/src/test/resources/features/navigatesMenuWithParameters.feature:19)
]]></failure>
    <rerunFailure type="java.lang.AssertionError">
      <stackTrace><![CDATA[java.lang.AssertionError
	at org.junit.Assert.fail(Assert.java:87)
	at org.junit.Assert.assertTrue(Assert.java:42)
	at org.junit.Assert.assertTrue(Assert.java:53)
	at com.eurotech.step_definitions.LoginStepDefs.theWelcomeMessageContains(LoginStepDefs.java:65)
	at ✽.The welcome message contains "umut"(file:///Users/erhanilgar/Downloads/Batch4CucumberSelenium/src/test/resources/features/navigatesMenuWithParameters.feature:19)
]]></stackTrace>
      <system-out><![CDATA[actualMessage = Welcome Teacher
]]></system-out>
      <system-err><![CDATA[Starting ChromeDriver 107.0.5304.62 (1eec40d3a5764881c92085aaee66d25075c159aa-refs/branch-heads/5304@{#942}) on port 41218
Only local connections are allowed.
Please see https://chromedriver.chromium.org/security-considerations for suggestions on keeping ChromeDriver safe.
ChromeDriver was started successfully.
Nov 14, 2022 8:22:07 PM org.openqa.selenium.remote.ProtocolHandshake createSession
INFO: Detected dialect: W3C
]]></system-err>
    </rerunFailure>
  </testcase>
</testsuite>